Thu 20 Apr 2023 04:45:22 PM UTC: 
 tests:  1|8
total_score: 0/70
f3f6f26
Thu 20 Apr 2023 04:59:58 PM UTC: 
 treemap.c | 6 ++++--
 1 file changed, 4 insertions(+), 2 deletions(-)
 tests:  1|8
total_score: 0/70
75cb8dd
Thu 20 Apr 2023 05:00:08 PM UTC: 
 treemap.c | 2 +-
 1 file changed, 1 insertion(+), 1 deletion(-)
 tests:  4|7
total_score: 5/70
41947bb
Thu 20 Apr 2023 05:10:59 PM UTC: 
 treemap.c | 18 ++++++++++++++++++
 1 file changed, 18 insertions(+)
 tests:  11|6
total_score: 15/70
d5dc464
Thu 20 Apr 2023 05:14:46 PM UTC: 
 treemap.c | 18 ++++++++++++++++++
 1 file changed, 18 insertions(+)
 tests:  0|0
1510222
Thu 20 Apr 2023 05:32:32 PM UTC: 
 treemap.c | 23 +++++++++++++----------
 1 file changed, 13 insertions(+), 10 deletions(-)
In file included from test.c:4:
treemap.c: In function ‘insertTreeMap’:
treemap.c:53:12: error: ‘return’ with a value, in function returning void [-Werror=return-type]
   53 |     return NULL;
      |            ^~~~
treemap.c:48:6: note: declared here
   48 | void insertTreeMap(TreeMap * tree, void* key, void * value) {
      |      ^~~~~~~~~~~~~
treemap.c:60:29: error: statement with no effect [-Werror=unused-value]
   60 |         tree->current->right==new;
      |         ~~~~~~~~~~~~~~~~~~~~^~~~~
treemap.c:70:10: error: ‘return’ with a value, in function returning void [-Werror=return-type]
   70 |   return NULL;
      |          ^~~~
treemap.c:48:6: note: declared here
   48 | void insertTreeMap(TreeMap * tree, void* key, void * value) {
      |      ^~~~~~~~~~~~~
cc1: all warnings being treated as errors
Compilation failed
db42a65
Thu 20 Apr 2023 05:34:22 PM UTC: 
 treemap.c | 2 +-
 1 file changed, 1 insertion(+), 1 deletion(-)
In file included from test.c:4:
treemap.c: In function ‘insertTreeMap’:
treemap.c:53:12: error: ‘return’ with a value, in function returning void [-Werror=return-type]
   53 |     return NULL;
      |            ^~~~
treemap.c:48:6: note: declared here
   48 | void insertTreeMap(TreeMap * tree, void* key, void * value) {
      |      ^~~~~~~~~~~~~
treemap.c:61:29: error: statement with no effect [-Werror=unused-value]
   61 |         tree->current->right==new;
      |         ~~~~~~~~~~~~~~~~~~~~^~~~~
treemap.c:71:10: error: ‘return’ with a value, in function returning void [-Werror=return-type]
   71 |   return NULL;
      |          ^~~~
treemap.c:48:6: note: declared here
   48 | void insertTreeMap(TreeMap * tree, void* key, void * value) {
      |      ^~~~~~~~~~~~~
cc1: all warnings being treated as errors
Compilation failed
a356b06
Thu 20 Apr 2023 05:38:30 PM UTC: 
 treemap.c | 8 +++++---
 1 file changed, 5 insertions(+), 3 deletions(-)
In file included from test.c:4:
treemap.c: In function ‘insertTreeMap’:
treemap.c:63:29: error: statement with no effect [-Werror=unused-value]
   63 |         tree->current->right==new;
      |         ~~~~~~~~~~~~~~~~~~~~^~~~~
treemap.c:71:6: error: expected expression before ‘.’ token
   71 |     }.
      |      ^
treemap.c:73:10: error: ‘return’ with a value, in function returning void [-Werror=return-type]
   73 |   return NULL;
      |          ^~~~
treemap.c:48:6: note: declared here
   48 | void insertTreeMap(TreeMap * tree, void* key, void * value) {
      |      ^~~~~~~~~~~~~
cc1: all warnings being treated as errors
Compilation failed
53e0093
Thu 20 Apr 2023 05:41:29 PM UTC: 
 treemap.c | 10 +++++++++-
 1 file changed, 9 insertions(+), 1 deletion(-)
In file included from test.c:4:
treemap.c: In function ‘insertTreeMap’:
treemap.c:63:29: error: statement with no effect [-Werror=unused-value]
   63 |         tree->current->right==new;
      |         ~~~~~~~~~~~~~~~~~~~~^~~~~
treemap.c:79:6: error: expected expression before ‘.’ token
   79 |     }.
      |      ^
treemap.c:81:10: error: ‘return’ with a value, in function returning void [-Werror=return-type]
   81 |   return NULL;
      |          ^~~~
treemap.c:48:6: note: declared here
   48 | void insertTreeMap(TreeMap * tree, void* key, void * value) {
      |      ^~~~~~~~~~~~~
cc1: all warnings being treated as errors
Compilation failed
c8be861
Thu 20 Apr 2023 05:42:18 PM UTC: 
 treemap.c | 2 +-
 1 file changed, 1 insertion(+), 1 deletion(-)
In file included from test.c:4:
treemap.c: In function ‘insertTreeMap’:
treemap.c:61:32: error: comparison between pointer and integer [-Werror]
   61 |       if( !tree->current->right==NULL){
      |                                ^~
treemap.c:63:29: error: statement with no effect [-Werror=unused-value]
   63 |         tree->current->right==new;
      |         ~~~~~~~~~~~~~~~~~~~~^~~~~
treemap.c:79:6: error: expected expression before ‘.’ token
   79 |     }.
      |      ^
treemap.c:81:10: error: ‘return’ with a value, in function returning void [-Werror=return-type]
   81 |   return NULL;
      |          ^~~~
treemap.c:48:6: note: declared here
   48 | void insertTreeMap(TreeMap * tree, void* key, void * value) {
      |      ^~~~~~~~~~~~~
cc1: all warnings being treated as errors
Compilation failed
be2158b
Thu 20 Apr 2023 05:46:29 PM UTC: 
 treemap.c | 8 ++++----
 1 file changed, 4 insertions(+), 4 deletions(-)
In file included from test.c:4:
treemap.c: In function ‘insertTreeMap’:
treemap.c:81:10: error: ‘return’ with a value, in function returning void [-Werror=return-type]
   81 |   return NULL;
      |          ^~~~
treemap.c:48:6: note: declared here
   48 | void insertTreeMap(TreeMap * tree, void* key, void * value) {
      |      ^~~~~~~~~~~~~
cc1: all warnings being treated as errors
Compilation failed
0a1be0a
Thu 20 Apr 2023 05:46:41 PM UTC: 
 treemap.c | 4 ++--
 1 file changed, 2 insertions(+), 2 deletions(-)
 tests:  11|6
total_score: 15/70
f026124
Thu 20 Apr 2023 07:00:13 PM UTC: 
 treemap.c | 26 ++++++++++++++------------
 1 file changed, 14 insertions(+), 12 deletions(-)
In file included from test.c:4:
treemap.c: In function ‘insertTreeMap’:
treemap.c:64:31: error: value computed is not used [-Werror=unused-value]
   64 |           tree->current->right==createTreeNode(key,value);
      |           ~~~~~~~~~~~~~~~~~~~~^~~~~~~~~~~~~~~~~~~~~~~~~~~
cc1: all warnings being treated as errors
Compilation failed
6cd39ca
Thu 20 Apr 2023 07:00:24 PM UTC: 
 treemap.c | 2 +-
 1 file changed, 1 insertion(+), 1 deletion(-)
 tests:  13|5
total_score: 25/70
c06f70b
Thu 20 Apr 2023 07:42:13 PM UTC: 
 treemap.c | 8 +++++++-
 1 file changed, 7 insertions(+), 1 deletion(-)
 tests:  15|4
total_score: 25/70
c179649
Thu 20 Apr 2023 08:05:46 PM UTC: 
 treemap.c | 9 +++++++++
 1 file changed, 9 insertions(+)
 tests:  0|0
afbe324
Thu 20 Apr 2023 08:07:23 PM UTC: 
 treemap.c | 1 +
 1 file changed, 1 insertion(+)
 tests:  17|3
total_score: 30/70
0baf66a
Thu 20 Apr 2023 08:37:14 PM UTC: 
 treemap.c | 105 ++++++++++++++++++++++++++++++++++++++++++++++++++++++++++++++
 1 file changed, 105 insertions(+)
In file included from test.c:4:
treemap.c: In function ‘nextTreeMap’:
treemap.c:262:1: error: expected identifier before ‘}’ token
  262 | }
      | ^
test.c: In function ‘next_test1’:
test.c:360:27: error: passing argument 1 of ‘nextTreeMap’ from incompatible pointer type [-Werror=incompatible-pointer-types]
  360 |     Pair* aux=nextTreeMap(tree);
      |                           ^~~~
      |                           |
      |                           TreeMap *
In file included from test.c:4:
treemap.c:224:44: note: expected ‘struct TreeMap *’ but argument is of type ‘TreeMap *’
  224 |   struct Pair* nextTreeMap(struct TreeMap* tree) {
      |                            ~~~~~~~~~~~~~~~~^~~~
test.c:360:15: error: initialization of ‘Pair *’ from incompatible pointer type ‘struct Pair *’ [-Werror=incompatible-pointer-types]
  360 |     Pair* aux=nextTreeMap(tree);
      |               ^~~~~~~~~~~
test.c: In function ‘next_test2’:
test.c:380:27: error: passing argument 1 of ‘nextTreeMap’ from incompatible pointer type [-Werror=incompatible-pointer-types]
  380 |     Pair* aux=nextTreeMap(tree);
      |                           ^~~~
      |                           |
      |                           TreeMap *
In file included from test.c:4:
treemap.c:224:44: note: expected ‘struct TreeMap *’ but argument is of type ‘TreeMap *’
  224 |   struct Pair* nextTreeMap(struct TreeMap* tree) {
      |                            ~~~~~~~~~~~~~~~~^~~~
test.c:380:15: error: initialization of ‘Pair *’ from incompatible pointer type ‘struct Pair *’ [-Werror=incompatible-pointer-types]
  380 |     Pair* aux=nextTreeMap(tree);
      |               ^~~~~~~~~~~
test.c:388:21: error: passing argument 1 of ‘nextTreeMap’ from incompatible pointer type [-Werror=incompatible-pointer-types]
  388 |     aux=nextTreeMap(tree);
      |                     ^~~~
      |                     |
      |                     TreeMap *
In file included from test.c:4:
treemap.c:224:44: note: expected ‘struct TreeMap *’ but argument is of type ‘TreeMap *’
  224 |   struct Pair* nextTreeMap(struct TreeMap* tree) {
      |                            ~~~~~~~~~~~~~~~~^~~~
test.c:388:8: error: assignment to ‘Pair *’ from incompatible pointer type ‘struct Pair *’ [-Werror=incompatible-pointer-types]
  388 |     aux=nextTreeMap(tree);
      |        ^
test.c:396:21: error: passing argument 1 of ‘nextTreeMap’ from incompatible pointer type [-Werror=incompatible-pointer-types]
  396 |     aux=nextTreeMap(tree);
      |                     ^~~~
      |                     |
      |                     TreeMap *
In file included from test.c:4:
treemap.c:224:44: note: expected ‘struct TreeMap *’ but argument is of type ‘TreeMap *’
  224 |   struct Pair* nextTreeMap(struct TreeMap* tree) {
      |                            ~~~~~~~~~~~~~~~~^~~~
test.c:396:8: error: assignment to ‘Pair *’ from incompatible pointer type ‘struct Pair *’ [-Werror=incompatible-pointer-types]
  396 |     aux=nextTreeMap(tree);
      |        ^
test.c: In function ‘next_test3’:
test.c:414:27: error: passing argument 1 of ‘nextTreeMap’ from incompatible pointer type [-Werror=incompatible-pointer-types]
  414 |     Pair* aux=nextTreeMap(tree);
      |                           ^~~~
      |                           |
      |                           TreeMap *
In file included from test.c:4:
treemap.c:224:44: note: expected ‘struct TreeMap *’ but argument is of type ‘TreeMap *’
  224 |   struct Pair* nextTreeMap(struct TreeMap* tree) {
      |                            ~~~~~~~~~~~~~~~~^~~~
test.c:414:15: error: initialization of ‘Pair *’ from incompatible pointer type ‘struct Pair *’ [-Werror=incompatible-pointer-types]
  414 |     Pair* aux=nextTreeMap(tree);
      |               ^~~~~~~~~~~
test.c: In function ‘nextTreeMap’:
test.c:503:5: error: ‘main’ is normally a non-static function [-Werror=main]
  503 | int main( int argc, char *argv[] ) {
      |     ^~~~
test.c:606:1: error: expected declaration or statement at end of input
  606 | }
      | ^
test.c: In function ‘nextTreeMap’:
test.c:606:1: error: expected declaration or statement at end of input
test.c:607: error: control reaches end of non-void function [-Werror=return-type]
At top level:
test.c:503:5: error: ‘main’ defined but not used [-Werror=unused-function]
  503 | int main( int argc, char *argv[] ) {
      |     ^~~~
In file included from test.c:4:
treemap.c:196:6: error: ‘put’ defined but not used [-Werror=unused-function]
  196 | void put(struct TreeMap* tree, int key, int value) {
      |      ^~~
treemap.c:189:17: error: ‘newTreeMap’ defined but not used [-Werror=unused-function]
  189 | struct TreeMap* newTreeMap() {
      |                 ^~~~~~~~~~
cc1: all warnings being treated as errors
Compilation failed
e1b26d7
Thu 20 Apr 2023 08:39:10 PM UTC: 
 treemap.c | 2 +-
 1 file changed, 1 insertion(+), 1 deletion(-)
In file included from test.c:4:
treemap.c: In function ‘nextTreeMap’:
treemap.c:261:9: error: expected identifier before ‘}’ token
  261 |         }
      |         ^
test.c: In function ‘next_test1’:
test.c:360:27: error: passing argument 1 of ‘nextTreeMap’ from incompatible pointer type [-Werror=incompatible-pointer-types]
  360 |     Pair* aux=nextTreeMap(tree);
      |                           ^~~~
      |                           |
      |                           TreeMap *
In file included from test.c:4:
treemap.c:224:42: note: expected ‘struct TreeMap *’ but argument is of type ‘TreeMap *’
  224 | struct Pair* nextTreeMap(struct TreeMap* tree){
      |                          ~~~~~~~~~~~~~~~~^~~~
test.c:360:15: error: initialization of ‘Pair *’ from incompatible pointer type ‘struct Pair *’ [-Werror=incompatible-pointer-types]
  360 |     Pair* aux=nextTreeMap(tree);
      |               ^~~~~~~~~~~
test.c: In function ‘next_test2’:
test.c:380:27: error: passing argument 1 of ‘nextTreeMap’ from incompatible pointer type [-Werror=incompatible-pointer-types]
  380 |     Pair* aux=nextTreeMap(tree);
      |                           ^~~~
      |                           |
      |                           TreeMap *
In file included from test.c:4:
treemap.c:224:42: note: expected ‘struct TreeMap *’ but argument is of type ‘TreeMap *’
  224 | struct Pair* nextTreeMap(struct TreeMap* tree){
      |                          ~~~~~~~~~~~~~~~~^~~~
test.c:380:15: error: initialization of ‘Pair *’ from incompatible pointer type ‘struct Pair *’ [-Werror=incompatible-pointer-types]
  380 |     Pair* aux=nextTreeMap(tree);
      |               ^~~~~~~~~~~
test.c:388:21: error: passing argument 1 of ‘nextTreeMap’ from incompatible pointer type [-Werror=incompatible-pointer-types]
  388 |     aux=nextTreeMap(tree);
      |                     ^~~~
      |                     |
      |                     TreeMap *
In file included from test.c:4:
treemap.c:224:42: note: expected ‘struct TreeMap *’ but argument is of type ‘TreeMap *’
  224 | struct Pair* nextTreeMap(struct TreeMap* tree){
      |                          ~~~~~~~~~~~~~~~~^~~~
test.c:388:8: error: assignment to ‘Pair *’ from incompatible pointer type ‘struct Pair *’ [-Werror=incompatible-pointer-types]
  388 |     aux=nextTreeMap(tree);
      |        ^
test.c:396:21: error: passing argument 1 of ‘nextTreeMap’ from incompatible pointer type [-Werror=incompatible-pointer-types]
  396 |     aux=nextTreeMap(tree);
      |                     ^~~~
      |                     |
      |                     TreeMap *
In file included from test.c:4:
treemap.c:224:42: note: expected ‘struct TreeMap *’ but argument is of type ‘TreeMap *’
  224 | struct Pair* nextTreeMap(struct TreeMap* tree){
      |                          ~~~~~~~~~~~~~~~~^~~~
test.c:396:8: error: assignment to ‘Pair *’ from incompatible pointer type ‘struct Pair *’ [-Werror=incompatible-pointer-types]
  396 |     aux=nextTreeMap(tree);
      |        ^
test.c: In function ‘next_test3’:
test.c:414:27: error: passing argument 1 of ‘nextTreeMap’ from incompatible pointer type [-Werror=incompatible-pointer-types]
  414 |     Pair* aux=nextTreeMap(tree);
      |                           ^~~~
      |                           |
      |                           TreeMap *
In file included from test.c:4:
treemap.c:224:42: note: expected ‘struct TreeMap *’ but argument is of type ‘TreeMap *’
  224 | struct Pair* nextTreeMap(struct TreeMap* tree){
      |                          ~~~~~~~~~~~~~~~~^~~~
test.c:414:15: error: initialization of ‘Pair *’ from incompatible pointer type ‘struct Pair *’ [-Werror=incompatible-pointer-types]
  414 |     Pair* aux=nextTreeMap(tree);
      |               ^~~~~~~~~~~
test.c: In function ‘nextTreeMap’:
test.c:503:5: error: ‘main’ is normally a non-static function [-Werror=main]
  503 | int main( int argc, char *argv[] ) {
      |     ^~~~
test.c:606:1: error: expected declaration or statement at end of input
  606 | }
      | ^
test.c:607: error: control reaches end of non-void function [-Werror=return-type]
At top level:
test.c:503:5: error: ‘main’ defined but not used [-Werror=unused-function]
  503 | int main( int argc, char *argv[] ) {
      |     ^~~~
In file included from test.c:4:
treemap.c:196:6: error: ‘put’ defined but not used [-Werror=unused-function]
  196 | void put(struct TreeMap* tree, int key, int value) {
      |      ^~~
treemap.c:189:17: error: ‘newTreeMap’ defined but not used [-Werror=unused-function]
  189 | struct TreeMap* newTreeMap() {
      |                 ^~~~~~~~~~
cc1: all warnings being treated as errors
Compilation failed
f990cb0
Thu 20 Apr 2023 08:41:25 PM UTC: 
 treemap.c | 15 +++++++--------
 1 file changed, 7 insertions(+), 8 deletions(-)
In file included from test.c:4:
treemap.c: In function ‘nextTreeMap’:
treemap.c:227:34: error: initialization of ‘struct TreeNode *’ from incompatible pointer type ‘TreeNode *’ [-Werror=incompatible-pointer-types]
  227 |       struct TreeNode* current = tree->current;
      |                                  ^~~~
treemap.c:229:19: error: assignment to ‘struct TreeNode *’ from incompatible pointer type ‘TreeNode *’ [-Werror=incompatible-pointer-types]
  229 |           current = tree->root;
      |                   ^
treemap.c:236:18: error: returning ‘struct Pair *’ from a function with incompatible return type ‘Pair *’ [-Werror=incompatible-pointer-types]
  236 |           return pair;
      |                  ^~~~
treemap.c:245:18: error: returning ‘struct Pair *’ from a function with incompatible return type ‘Pair *’ [-Werror=incompatible-pointer-types]
  245 |           return pair;
      |                  ^~~~
treemap.c:260:18: error: returning ‘struct Pair *’ from a function with incompatible return type ‘Pair *’ [-Werror=incompatible-pointer-types]
  260 |           return pair;
      |                  ^~~~
test.c: In function ‘nextTreeMap’:
test.c:503:5: error: ‘main’ is normally a non-static function [-Werror=main]
  503 | int main( int argc, char *argv[] ) {
      |     ^~~~
test.c:606:1: error: expected declaration or statement at end of input
  606 | }
      | ^
test.c:606:1: error: no return statement in function returning non-void [-Werror=return-type]
test.c: In function ‘nextTreeMap’:
test.c:606:1: error: expected declaration or statement at end of input
test.c:607: error: control reaches end of non-void function [-Werror=return-type]
At top level:
test.c:503:5: error: ‘main’ defined but not used [-Werror=unused-function]
  503 | int main( int argc, char *argv[] ) {
      |     ^~~~
In file included from test.c:4:
treemap.c:225:14: error: ‘nextTreeMap’ defined but not used [-Werror=unused-function]
  225 | struct Pair* nextTreeMap(struct TreeMap* tree){
      |              ^~~~~~~~~~~
treemap.c:197:6: error: ‘put’ defined but not used [-Werror=unused-function]
  197 | void put(struct TreeMap* tree, int key, int value) {
      |      ^~~
treemap.c:190:17: error: ‘newTreeMap’ defined but not used [-Werror=unused-function]
  190 | struct TreeMap* newTreeMap() {
      |                 ^~~~~~~~~~
cc1: all warnings being treated as errors
Compilation failed
5ef624e
Thu 20 Apr 2023 08:41:57 PM UTC: 
 treemap.c | 73 +--------------------------------------------------------------
 1 file changed, 1 insertion(+), 72 deletions(-)
In file included from test.c:4:
treemap.c: In function ‘nextTreeMap’:
treemap.c:164:28: error: ‘struct TreeNode’ has no member named ‘key’
  164 |         pair->key = current->key;
      |                            ^~
treemap.c:165:30: error: ‘struct TreeNode’ has no member named ‘value’
  165 |         pair->value = current->value;
      |                              ^~
treemap.c:173:28: error: ‘struct TreeNode’ has no member named ‘key’
  173 |         pair->key = current->key;
      |                            ^~
treemap.c:174:30: error: ‘struct TreeNode’ has no member named ‘value’
  174 |         pair->value = current->value;
      |                              ^~
treemap.c:187:28: error: ‘struct TreeNode’ has no member named ‘key’
  187 |         pair->key = current->key;
      |                            ^~
treemap.c:188:30: error: ‘struct TreeNode’ has no member named ‘value’
  188 |         pair->value = current->value;
      |                              ^~
Compilation failed
e38477c
Thu 20 Apr 2023 08:42:32 PM UTC: 
 treemap.c | 12 ++++++------
 1 file changed, 6 insertions(+), 6 deletions(-)
 tests:  19|3
total_score: 35/70
91678f8
Fri 21 Apr 2023 07:08:06 PM UTC: 
 treemap.c | 6 ++++++
 1 file changed, 6 insertions(+)
 tests:  19|3
total_score: 35/70
25ff7ad
Fri 21 Apr 2023 07:14:04 PM UTC: 
 treemap.c | 2 +-
 1 file changed, 1 insertion(+), 1 deletion(-)
 tests:  19|3
total_score: 35/70
8f614c0
Fri 21 Apr 2023 07:14:57 PM UTC: 
 treemap.c | 1 +
 1 file changed, 1 insertion(+)
 tests:  19|3
total_score: 35/70
d679441
Fri 21 Apr 2023 07:15:17 PM UTC: 
 treemap.c | 2 +-
 1 file changed, 1 insertion(+), 1 deletion(-)
 tests:  19|3
total_score: 35/70
7626e0c
Fri 21 Apr 2023 07:15:42 PM UTC: 
 treemap.c | 3 +--
 1 file changed, 1 insertion(+), 2 deletions(-)
In file included from test.c:4:
treemap.c: In function ‘nextTreeMap’:
treemap.c:184:24: error: expected expression before ‘=’ token
  184 |         while (parent!==NULL&&current == parent->right) {
      |                        ^
Compilation failed
33439cc
Fri 21 Apr 2023 07:15:50 PM UTC: 
 treemap.c | 2 +-
 1 file changed, 1 insertion(+), 1 deletion(-)
 tests:  19|3
total_score: 35/70
cbaf780
Fri 21 Apr 2023 07:16:45 PM UTC: 
 treemap.c | 3 ---
 1 file changed, 3 deletions(-)
 tests:  19|3
total_score: 35/70
4075b2a
Fri 21 Apr 2023 07:22:23 PM UTC: 
 treemap.c | 50 ++++++++++++++++++++------------------------------
 1 file changed, 20 insertions(+), 30 deletions(-)
In file included from test.c:4:
treemap.c: In function ‘nextTreeMap’:
treemap.c:184:1: error: control reaches end of non-void function [-Werror=return-type]
  184 | }
      | ^
At top level:
treemap.c:157:12: error: ‘nextTreeMap’ defined but not used [-Werror=unused-function]
  157 |     Pair * nextTreeMap(TreeMap * tree) {
      |            ^~~~~~~~~~~
cc1: all warnings being treated as errors
Compilation failed
c91a78f
Fri 21 Apr 2023 07:23:20 PM UTC: 
 treemap.c | 3 ---
 1 file changed, 3 deletions(-)
 tests:  22|2
total_score: 45/70
49c645d
Fri 21 Apr 2023 07:25:39 PM UTC: 
 treemap.c | 14 ++++++--------
 1 file changed, 6 insertions(+), 8 deletions(-)
In file included from test.c:4:
treemap.c: In function ‘nextTreeMap’:
treemap.c:158:24: error: expected expression before ‘TreeMap’
  158 |           firstTreeMap(TreeMap * tree)
      |                        ^~~~~~~
treemap.c:158:39: error: expected ‘;’ before ‘}’ token
  158 |           firstTreeMap(TreeMap * tree)
      |                                       ^
      |                                       ;
  159 |           }
      |           ~                            
treemap.c: At top level:
treemap.c:160:9: error: expected identifier or ‘(’ before ‘else’
  160 |       } else if (tree->current->right != NULL) {
      |         ^~~~
treemap.c:166:9: error: expected identifier or ‘(’ before ‘else’
  166 |       } else {
      |         ^~~~
treemap.c:174:7: error: expected identifier or ‘(’ before ‘if’
  174 |       if (tree->current == NULL) {
      |       ^~
treemap.c:176:9: error: expected identifier or ‘(’ before ‘else’
  176 |       } else {
      |         ^~~~
treemap.c:179:1: error: expected identifier or ‘(’ before ‘}’ token
  179 | }
      | ^
treemap.c: In function ‘nextTreeMap’:
treemap.c:160:7: error: control reaches end of non-void function [-Werror=return-type]
  160 |       } else if (tree->current->right != NULL) {
      |       ^
cc1: all warnings being treated as errors
Compilation failed
477a108
